manifest-merger-release-report.txt
-- Merging decision tree log ---
manifest
ADDED from AndroidManifest.xml:2:1
	package
		ADDED from AndroidManifest.xml:3:11
	android:versionName
		ADDED from AndroidManifest.xml:5:11
	android:versionCode
		ADDED from AndroidManifest.xml:4:11
		INJECTED from AndroidManifest.xml:0:0
		INJECTED from AndroidManifest.xml:0:0
	xmlns:android
		ADDED from AndroidManifest.xml:2:11
uses-permission#android.permission.ACCESS_NETWORK_STATE
ADDED from AndroidManifest.xml:7:5
	android:name
		ADDED from AndroidManifest.xml:7:22
uses-permission#android.permission.INTERNET
ADDED from AndroidManifest.xml:8:5
	android:name
		ADDED from AndroidManifest.xml:8:22
uses-permission#android.permission.READ_EXTERNAL_STORAGE
ADDED from AndroidManifest.xml:9:5
	android:name
		ADDED from AndroidManifest.xml:9:22
uses-permission#android.permission.WRITE_EXTERNAL_STORAGE
ADDED from AndroidManifest.xml:10:5
	android:name
		ADDED from AndroidManifest.xml:10:22
uses-permission#android.permission.RECEIVE_BOOT_COMPLETED
ADDED from AndroidManifest.xml:11:5
	android:name
		ADDED from AndroidManifest.xml:11:22
uses-permission#android.permission.VIBRATE
ADDED from AndroidManifest.xml:12:5
	android:name
		ADDED from AndroidManifest.xml:12:22
application
ADDED from AndroidManifest.xml:14:5
MERGED from com.android.support:support-v4:21.0.3:16:5
MERGED from com.android.support:appcompat-v7:21.0.3:16:5
MERGED from com.android.support:support-v4:21.0.3:16:5
MERGED from com.android.support:recyclerview-v7:21.0.0:17:5
MERGED from com.android.support:support-v4:21.0.3:16:5
MERGED from com.nispok:snackbar:2.7.5:10:5
MERGED from com.melnykov:floatingactionbutton:1.1.0:12:5
MERGED from com.android.support:recyclerview-v7:21.0.0:17:5
MERGED from com.android.support:support-v4:21.0.3:16:5
MERGED from com.afollestad:material-dialogs:0.6.2.1:12:5
MERGED from com.android.support:appcompat-v7:21.0.3:16:5
MERGED from com.android.support:support-v4:21.0.3:16:5
	android:label
		ADDED from AndroidManifest.xml:18:13
	android:hardwareAccelerated
		ADDED from AndroidManifest.xml:15:13
	android:allowBackup
		ADDED from AndroidManifest.xml:16:13
	android:icon
		ADDED from AndroidManifest.xml:17:13
	android:theme
		ADDED from AndroidManifest.xml:19:13
	android:name
		ADDED from AndroidManifest.xml:20:13
activity#com.mde.potdroid.LauncherActivity
ADDED from AndroidManifest.xml:22:9
	android:label
		ADDED from AndroidManifest.xml:24:17
	android:name
		ADDED from AndroidManifest.xml:23:17
intent-filter#android.intent.action.MAIN+android.intent.category.LAUNCHER
ADDED from AndroidManifest.xml:26:13
action#android.intent.action.MAIN
ADDED from AndroidManifest.xml:27:17
	android:name
		ADDED from AndroidManifest.xml:27:25
category#android.intent.category.LAUNCHER
ADDED from AndroidManifest.xml:28:17
	android:name
		ADDED from AndroidManifest.xml:28:27
activity#com.mde.potdroid.ForumActivity
ADDED from AndroidManifest.xml:33:9
	android:launchMode
		ADDED from AndroidManifest.xml:35:17
	android:name
		ADDED from AndroidManifest.xml:34:17
intent-filter#android.intent.action.VIEW+android.intent.category.BROWSABLE+android.intent.category.DEFAULT
ADDED from AndroidManifest.xml:37:13
action#android.intent.action.VIEW
ADDED from AndroidManifest.xml:38:17
	android:name
		ADDED from AndroidManifest.xml:38:25
category#android.intent.category.DEFAULT
ADDED from AndroidManifest.xml:39:17
	android:name
		ADDED from AndroidManifest.xml:39:27
category#android.intent.category.BROWSABLE
ADDED from AndroidManifest.xml:40:17
	android:name
		ADDED from AndroidManifest.xml:40:27
data
ADDED from AndroidManifest.xml:42:17
	android:host
		ADDED from AndroidManifest.xml:44:25
	android:scheme
		ADDED from AndroidManifest.xml:43:25
	android:pathPattern
		ADDED from AndroidManifest.xml:45:25
activity#com.mde.potdroid.BoardActivity
ADDED from AndroidManifest.xml:50:9
	android:launchMode
		ADDED from AndroidManifest.xml:51:19
	android:name
		ADDED from AndroidManifest.xml:50:19
activity#com.mde.potdroid.BookmarkActivity
ADDED from AndroidManifest.xml:66:9
	android:launchMode
		ADDED from AndroidManifest.xml:68:17
	android:name
		ADDED from AndroidManifest.xml:67:17
activity#com.mde.potdroid.EditorActivity
ADDED from AndroidManifest.xml:70:9
	android:name
		ADDED from AndroidManifest.xml:71:17
activity#com.mde.potdroid.TopicActivity
ADDED from AndroidManifest.xml:73:9
	android:launchMode
		ADDED from AndroidManifest.xml:75:17
	android:name
		ADDED from AndroidManifest.xml:74:17
activity#com.mde.potdroid.MessageListActivity
ADDED from AndroidManifest.xml:90:9
	android:launchMode
		ADDED from AndroidManifest.xml:92:17
	android:name
		ADDED from AndroidManifest.xml:91:17
activity#com.mde.potdroid.MessageActivity
ADDED from AndroidManifest.xml:107:9
	android:name
		ADDED from AndroidManifest.xml:108:17
activity#com.mde.potdroid.SettingsActivity
ADDED from AndroidManifest.xml:110:9
	android:name
		ADDED from AndroidManifest.xml:110:19
activity#com.mde.potdroid.AboutActivity
ADDED from AndroidManifest.xml:112:9
	android:name
		ADDED from AndroidManifest.xml:112:19
intent-filter#.AboutActivity+android.intent.category.DEFAULT
ADDED from AndroidManifest.xml:113:13
action#.AboutActivity
ADDED from AndroidManifest.xml:114:17
	android:name
		ADDED from AndroidManifest.xml:114:25
receiver#com.mde.potdroid.services.BootBroadcastReceiver
ADDED from AndroidManifest.xml:119:9
	android:name
		ADDED from AndroidManifest.xml:119:19
intent-filter#android.intent.action.BOOT_COMPLETED
ADDED from AndroidManifest.xml:121:13
action#android.intent.action.BOOT_COMPLETED
ADDED from AndroidManifest.xml:122:17
	android:name
		ADDED from AndroidManifest.xml:122:25
receiver#com.mde.potdroid.services.MessagePollingAlarm
ADDED from AndroidManifest.xml:127:9
	android:process
		ADDED from AndroidManifest.xml:129:17
	android:name
		ADDED from AndroidManifest.xml:128:17
service#com.mde.potdroid.services.MessagePollingService
ADDED from AndroidManifest.xml:131:9
	android:exported
		ADDED from AndroidManifest.xml:133:17
	android:name
		ADDED from AndroidManifest.xml:132:17
provider#com.mde.potdroid.helpers.CacheContentProvider
ADDED from AndroidManifest.xml:134:9
	android:authorities
		ADDED from AndroidManifest.xml:136:17
	android:exported
		ADDED from AndroidManifest.xml:137:17
	android:name
		ADDED from AndroidManifest.xml:135:17
uses-sdk
INJECTED from AndroidManifest.xml:0:0 reason: use-sdk injection requested
MERGED from com.android.support:support-v4:21.0.3:15:5
MERGED from com.android.support:appcompat-v7:21.0.3:15:5
MERGED from com.android.support:support-v4:21.0.3:15:5
MERGED from com.github.ksoichiro:android-observablescrollview:1.5.0:21:5
MERGED from com.android.support:recyclerview-v7:21.0.0:15:5
MERGED from com.android.support:support-v4:21.0.3:15:5
MERGED from com.nispok:snackbar:2.7.5:6:5
MERGED from com.android.support:support-v4-preferencefragment:1.0.0:15:5
MERGED from com.melnykov:floatingactionbutton:1.1.0:8:5
MERGED from com.android.support:recyclerview-v7:21.0.0:15:5
MERGED from com.android.support:support-v4:21.0.3:15:5
MERGED from com.afollestad:material-dialogs:0.6.2.1:8:5
MERGED from com.android.support:appcompat-v7:21.0.3:15:5
MERGED from com.android.support:support-v4:21.0.3:15:5
	android:targetSdkVersion
		INJECTED from AndroidManifest.xml:0:0
		INJECTED from AndroidManifest.xml:0:0
	android:minSdkVersion
		INJECTED from AndroidManifest.xml:0:0
		INJECTED from AndroidManifest.xml:0:0
activity#android.support.v7.widget.TestActivity
ADDED from com.android.support:recyclerview-v7:21.0.0:18:9
MERGED from com.android.support:recyclerview-v7:21.0.0:18:9
	android:label
		ADDED from com.android.support:recyclerview-v7:21.0.0:18:19
	android:name
		ADDED from com.android.support:recyclerview-v7:21.0.0:18:60